<?xml version="1.0" encoding="UTF-8"?>
<!-- Generated by org.testng.reporters.JUnitReportReporter -->
<testsuite hostname="macbook-pro.lan" failures="0" tests="5" name="AutomationProject1.EaseMyTrip.EaseMyTripTest" time="59.140" errors="0" timestamp="2022-01-10T17:36:06 PST" skipped="0">
  <testcase classname="AutomationProject1.EaseMyTrip.EaseMyTripTest" name="testSearchFlights" time="10.318"/>
  <system-out/>
  <testcase classname="AutomationProject1.EaseMyTrip.EaseMyTripTest" name="testSearchFlights" time="14.148"/>
  <system-out/>
  <testcase classname="AutomationProject1.EaseMyTrip.EaseMyTripTest" name="testSearchFlights" time="12.448"/>
  <system-out/>
  <testcase classname="AutomationProject1.EaseMyTrip.EaseMyTripTest" name="testSearchFlights" time="10.862"/>
  <system-out/>
  <testcase classname="AutomationProject1.EaseMyTrip.EaseMyTripTest" name="testSearchFlights" time="11.364"/>
  <system-out/>
</testsuite> <!-- AutomationProject1.EaseMyTrip.EaseMyTripTest -->
