<?xml version="1.0" encoding="UTF-8"?>
<!-- Generated by org.testng.reporters.JUnitReportReporter -->
<testsuite hostname="macbook-pro.lan" failures="0" tests="7" name="AutomationProject1.EaseMyTrip.EaseMyTripTest" time="44.306" errors="0" timestamp="2022-01-11T23:13:18 PST" skipped="0">
  <testcase classname="AutomationProject1.EaseMyTrip.EaseMyTripTest" name="openBrowser" time="1.838"/>
  <system-out/>
  <testcase classname="AutomationProject1.EaseMyTrip.EaseMyTripTest" name="testSearchFlights" time="9.173"/>
  <system-out/>
  <testcase classname="AutomationProject1.EaseMyTrip.EaseMyTripTest" name="testSearchFlights" time="9.479"/>
  <system-out/>
  <testcase classname="AutomationProject1.EaseMyTrip.EaseMyTripTest" name="testSearchFlights" time="8.000"/>
  <system-out/>
  <testcase classname="AutomationProject1.EaseMyTrip.EaseMyTripTest" name="testSearchFlights" time="6.105"/>
  <system-out/>
  <testcase classname="AutomationProject1.EaseMyTrip.EaseMyTripTest" name="testSearchFlights" time="9.326"/>
  <system-out/>
  <testcase classname="AutomationProject1.EaseMyTrip.EaseMyTripTest" name="tearDown" time="0.385"/>
  <system-out/>
</testsuite> <!-- AutomationProject1.EaseMyTrip.EaseMyTripTest -->
