<?xml version="1.0" encoding="UTF-8"?>
<!-- Generated by org.testng.reporters.JUnitReportReporter -->
<testsuite hostname="macbook-pro.lan" failures="0" tests="3" name="AutomationProject1.EaseMyTrip.EaseMyTripTests" time="13.936" errors="0" timestamp="2022-01-09T12:21:27 PST" skipped="0">
  <testcase classname="AutomationProject1.EaseMyTrip.EaseMyTripTests" name="setUp" time="3.466"/>
  <system-out/>
  <testcase classname="AutomationProject1.EaseMyTrip.EaseMyTripTests" name="testSearchFlights" time="10.245"/>
  <system-out/>
  <testcase classname="AutomationProject1.EaseMyTrip.EaseMyTripTests" name="testReadExcelFile" time="0.225"/>
  <system-out/>
</testsuite> <!-- AutomationProject1.EaseMyTrip.EaseMyTripTests -->
