<?xml version="1.0" encoding="UTF-8"?>
<!-- Generated by org.testng.reporters.JUnitReportReporter -->
<testsuite hostname="macbook-pro.lan" failures="0" tests="4" name="AutomationProject1.EaseMyTrip.EaseMyTripTest" time="11.299" errors="0" timestamp="2022-01-09T17:31:08 PST" skipped="0">
  <testcase classname="AutomationProject1.EaseMyTrip.EaseMyTripTest" name="setUp" time="3.659"/>
  <system-out/>
  <testcase classname="AutomationProject1.EaseMyTrip.EaseMyTripTest" name="testSearchFlights" time="6.741"/>
  <system-out/>
  <testcase classname="AutomationProject1.EaseMyTrip.EaseMyTripTest" name="readFlightsList" time="0.886"/>
  <system-out/>
  <testcase classname="AutomationProject1.EaseMyTrip.EaseMyTripTest" name="testReadExcelFile" time="0.013"/>
  <system-out/>
</testsuite> <!-- AutomationProject1.EaseMyTrip.EaseMyTripTest -->
