<?xml version="1.0" encoding="UTF-8"?>
<!-- Generated by org.testng.reporters.JUnitReportReporter -->
<testsuite hostname="macbook-pro.lan" failures="0" tests="3" name="AutomationProject1.EaseMyTrip.EaseMyTripTests" time="14.292" errors="0" timestamp="2022-01-09T15:03:18 PST" skipped="0">
  <testcase classname="AutomationProject1.EaseMyTrip.EaseMyTripTests" name="setUp" time="4.374"/>
  <system-out/>
  <testcase classname="AutomationProject1.EaseMyTrip.EaseMyTripTests" name="testSearchFlights" time="9.903"/>
  <system-out/>
  <testcase classname="AutomationProject1.EaseMyTrip.EaseMyTripTests" name="testReadExcelFile" time="0.015"/>
  <system-out/>
</testsuite> <!-- AutomationProject1.EaseMyTrip.EaseMyTripTests -->
