<?xml version="1.0" encoding="UTF-8"?>
<!-- Generated by org.testng.reporters.JUnitReportReporter -->
<testsuite hostname="macbook-pro.lan" failures="0" tests="2" name="AutomationProject1.EaseMyTrip.AppTest" time="14.317" errors="0" timestamp="2022-01-09T10:12:27 PST" skipped="0">
  <testcase classname="AutomationProject1.EaseMyTrip.AppTest" name="testSearchFlights" time="14.047"/>
  <system-out/>
  <testcase classname="AutomationProject1.EaseMyTrip.AppTest" name="testReadExcelFile" time="0.270"/>
  <system-out/>
</testsuite> <!-- AutomationProject1.EaseMyTrip.AppTest -->
