<?xml version="1.0" encoding="UTF-8"?>
<!-- Generated by org.testng.reporters.JUnitReportReporter -->
<testsuite hostname="macbook-pro.lan" failures="0" tests="7" name="AutomationProject1.EaseMyTrip.EaseMyTripTest" time="43.515" errors="0" timestamp="2022-01-10T19:00:28 PST" skipped="0">
  <testcase classname="AutomationProject1.EaseMyTrip.EaseMyTripTest" name="openBrowser" time="2.087"/>
  <system-out/>
  <testcase classname="AutomationProject1.EaseMyTrip.EaseMyTripTest" name="testSearchFlights" time="9.160"/>
  <system-out/>
  <testcase classname="AutomationProject1.EaseMyTrip.EaseMyTripTest" name="testSearchFlights" time="6.243"/>
  <system-out/>
  <testcase classname="AutomationProject1.EaseMyTrip.EaseMyTripTest" name="testSearchFlights" time="9.158"/>
  <system-out/>
  <testcase classname="AutomationProject1.EaseMyTrip.EaseMyTripTest" name="testSearchFlights" time="9.915"/>
  <system-out/>
  <testcase classname="AutomationProject1.EaseMyTrip.EaseMyTripTest" name="testSearchFlights" time="6.579"/>
  <system-out/>
  <testcase classname="AutomationProject1.EaseMyTrip.EaseMyTripTest" name="tearDown" time="0.373"/>
  <system-out/>
</testsuite> <!-- AutomationProject1.EaseMyTrip.EaseMyTripTest -->
