<?xml version="1.0" encoding="UTF-8"?>
<!-- Generated by org.testng.reporters.JUnitReportReporter -->
<testsuite hostname="macbook-pro.lan" failures="0" tests="5" name="AutomationProject1.EaseMyTrip.AppTest" time="4.216" errors="0" timestamp="2022-01-06T17:03:47 PST" skipped="0">
  <testcase classname="AutomationProject1.EaseMyTrip.AppTest" name="testSetUp" time="0.004"/>
  <system-out/>
  <testcase classname="AutomationProject1.EaseMyTrip.AppTest" name="testInvokeBrowser" time="2.562"/>
  <system-out/>
  <testcase classname="AutomationProject1.EaseMyTrip.AppTest" name="testGetURL" time="1.293"/>
  <system-out/>
  <testcase classname="AutomationProject1.EaseMyTrip.AppTest" name="testTearDown" time="0.126"/>
  <system-out/>
  <testcase classname="AutomationProject1.EaseMyTrip.AppTest" name="testReadExcelFile" time="0.231"/>
  <system-out/>
</testsuite> <!-- AutomationProject1.EaseMyTrip.AppTest -->
