<?xml version="1.0" encoding="UTF-8"?>
<!-- Generated by org.testng.reporters.JUnitReportReporter -->
<testsuite hostname="DLT-1CIU569" failures="0" tests="2" name="AutomationProject1.EaseMyTrip.AppTest" time="16.731" errors="0" timestamp="2022-01-08T13:15:27 CST" skipped="0">
  <testcase classname="AutomationProject1.EaseMyTrip.AppTest" name="testSearchFlights" time="15.436"/>
  <system-out/>
  <testcase classname="AutomationProject1.EaseMyTrip.AppTest" name="testReadExcelFile" time="1.295"/>
  <system-out/>
</testsuite> <!-- AutomationProject1.EaseMyTrip.AppTest -->
